# JRE version: OpenJDK Runtime Environment Temurin-21.0.9+10 (21.0.9+10) (build 21.0.9+10-LTS)
# Java VM: OpenJDK 64-Bit Server VM Temurin-21.0.9+10 (21.0.9+10-LTS, mixed mode, sharing, tiered, compressed oops, compressed class ptrs, parallel gc, windows-amd64)
GC Precious Log:
 CardTable entry size: 512
 CPUs: 8 total, 8 available
 Memory: 16103M
 Large Page Support: Disabled
 NUMA Support: Disabled
 Compressed Oops: Enabled (32-bit)
 Alignments: Space 512K, Generation 512K, Heap 2M
 Heap Min Capacity: 100M
 Heap Initial Capacity: 100M
 Heap Max Capacity: 2G
 Pre-touch: Disabled
 Parallel Workers: 8
Heap:
 PSYoungGen      total 12800K, used 3870K [0x00000000d5580000, 0x00000000d6380000, 0x0000000100000000)
  eden space 11776K, 27% used [0x00000000d5580000,0x00000000d58aa400,0x00000000d6100000)
  from space 1024K, 61% used [0x00000000d6200000,0x00000000d629d6b0,0x00000000d6300000)
  to   space 512K, 0% used [0x00000000d6300000,0x00000000d6300000,0x00000000d6380000)
 ParOldGen       total 1294336K, used 1293909K [0x0000000080000000, 0x00000000cf000000, 0x00000000d5580000)
  object space 1294336K, 99% used [0x0000000080000000,0x00000000cef95738,0x00000000cf000000)
 Metaspace       used 110251K, committed 112192K, reserved 1179648K
  class space    used 10847K, committed 11712K, reserved 1048576K
GC Heap History (20 events):
Event: 214342.123 GC heap before
{Heap before GC invocations=18306 (full 15):
 PSYoungGen      total 15872K, used 15817K [0x00000000d5580000, 0x00000000d6980000, 0x0000000100000000)
  eden space 14336K, 99% used [0x00000000d5580000,0x00000000d637fff0,0x00000000d6380000)
  from space 1536K, 96% used [0x00000000d6380000,0x00000000d64f24f8,0x00000000d6500000)
  to   space 3072K, 0% used [0x00000000d6680000,0x00000000d6680000,0x00000000d6980000)
 ParOldGen       total 1286656K, used 1286451K [0x0000000080000000, 0x00000000ce880000, 0x00000000d5580000)
  object space 1286656K, 99% used [0x0000000080000000,0x00000000ce84ce30,0x00000000ce880000)
 Metaspace       used 110208K, committed 112064K, reserved 1179648K
  class space    used 10843K, committed 11712K, reserved 1048576K
}
Event: 214342.127 GC heap after
{Heap after GC invocations=18306 (full 15):
 PSYoungGen      total 16896K, used 2075K [0x00000000d5580000, 0x00000000d6900000, 0x0000000100000000)
  eden space 14336K, 0% used [0x00000000d5580000,0x00000000d5580000,0x00000000d6380000)
  from space 2560K, 81% used [0x00000000d6680000,0x00000000d6886d58,0x00000000d6900000)
  to   space 2560K, 0% used [0x00000000d6400000,0x00000000d6400000,0x00000000d6680000)
 ParOldGen       total 1287680K, used 1287614K [0x0000000080000000, 0x00000000ce980000, 0x00000000d5580000)
  object space 1287680K, 99% used [0x0000000080000000,0x00000000ce96fb78,0x00000000ce980000)
 Metaspace       used 110208K, committed 112064K, reserved 1179648K
  class space    used 10843K, committed 11712K, reserved 1048576K
}
Event: 214342.428 GC heap before
{Heap before GC invocations=18307 (full 15):
 PSYoungGen      total 16896K, used 16411K [0x00000000d5580000, 0x00000000d6900000, 0x0000000100000000)
  eden space 14336K, 100% used [0x00000000d5580000,0x00000000d6380000,0x00000000d6380000)
  from space 2560K, 81% used [0x00000000d6680000,0x00000000d6886d58,0x00000000d6900000)
  to   space 2560K, 0% used [0x00000000d6400000,0x00000000d6400000,0x00000000d6680000)
 ParOldGen       total 1287680K, used 1287614K [0x0000000080000000, 0x00000000ce980000, 0x00000000d5580000)
  object space 1287680K, 99% used [0x0000000080000000,0x00000000ce96fb78,0x00000000ce980000)
 Metaspace       used 110208K, committed 112064K, reserved 1179648K
  class space    used 10843K, committed 11712K, reserved 1048576K
}
Event: 214342.431 GC heap after
{Heap after GC invocations=18307 (full 15):
 PSYoungGen      total 14848K, used 299K [0x00000000d5580000, 0x00000000d6700000, 0x0000000100000000)
  eden space 14336K, 0% used [0x00000000d5580000,0x00000000d5580000,0x00000000d6380000)
  from space 512K, 58% used [0x00000000d6400000,0x00000000d644ad08,0x00000000d6480000)
  to   space 1024K, 0% used [0x00000000d6600000,0x00000000d6600000,0x00000000d6700000)
 ParOldGen       total 1288192K, used 1287710K [0x0000000080000000, 0x00000000cea00000, 0x00000000d5580000)
  object space 1288192K, 99% used [0x0000000080000000,0x00000000ce987b98,0x00000000cea00000)
 Metaspace       used 110208K, committed 112064K, reserved 1179648K
  class space    used 10843K, committed 11712K, reserved 1048576K
}
Event: 214367.920 GC heap before
{Heap before GC invocations=18308 (full 15):
 PSYoungGen      total 14848K, used 14635K [0x00000000d5580000, 0x00000000d6700000, 0x0000000100000000)
  eden space 14336K, 100% used [0x00000000d5580000,0x00000000d6380000,0x00000000d6380000)
  from space 512K, 58% used [0x00000000d6400000,0x00000000d644ad08,0x00000000d6480000)
  to   space 1024K, 0% used [0x00000000d6600000,0x00000000d6600000,0x00000000d6700000)
 ParOldGen       total 1288192K, used 1287710K [0x0000000080000000, 0x00000000cea00000, 0x00000000d5580000)
  object space 1288192K, 99% used [0x0000000080000000,0x00000000ce987b98,0x00000000cea00000)
 Metaspace       used 110235K, committed 112128K, reserved 1179648K
  class space    used 10847K, committed 11712K, reserved 1048576K
}
Event: 214367.924 GC heap after
{Heap after GC invocations=18308 (full 15):
 PSYoungGen      total 14848K, used 288K [0x00000000d5580000, 0x00000000d6680000, 0x0000000100000000)
  eden space 14336K, 0% used [0x00000000d5580000,0x00000000d5580000,0x00000000d6380000)
  from space 512K, 56% used [0x00000000d6600000,0x00000000d6648020,0x00000000d6680000)
  to   space 512K, 0% used [0x00000000d6400000,0x00000000d6400000,0x00000000d6480000)
 ParOldGen       total 1288192K, used 1287758K [0x0000000080000000, 0x00000000cea00000, 0x00000000d5580000)
  object space 1288192K, 99% used [0x0000000080000000,0x00000000ce993b98,0x00000000cea00000)
 Metaspace       used 110235K, committed 112128K, reserved 1179648K
  class space    used 10847K, committed 11712K, reserved 1048576K
}
Event: 214384.090 GC heap before
{Heap before GC invocations=18309 (full 15):
 PSYoungGen      total 14848K, used 14624K [0x00000000d5580000, 0x00000000d6680000, 0x0000000100000000)
  eden space 14336K, 100% used [0x00000000d5580000,0x00000000d6380000,0x00000000d6380000)
  from space 512K, 56% used [0x00000000d6600000,0x00000000d6648020,0x00000000d6680000)
  to   space 512K, 0% used [0x00000000d6400000,0x00000000d6400000,0x00000000d6480000)
 ParOldGen       total 1288192K, used 1287758K [0x0000000080000000, 0x00000000cea00000, 0x00000000d5580000)
  object space 1288192K, 99% used [0x0000000080000000,0x00000000ce993b98,0x00000000cea00000)
 Metaspace       used 110235K, committed 112128K, reserved 1179648K
  class space    used 10847K, committed 11712K, reserved 1048576K
}
Event: 214384.094 GC heap after
{Heap after GC invocations=18309 (full 15):
 PSYoungGen      total 14848K, used 491K [0x00000000d5580000, 0x00000000d6680000, 0x0000000100000000)
  eden space 14336K, 0% used [0x00000000d5580000,0x00000000d5580000,0x00000000d6380000)
  from space 512K, 95% used [0x00000000d6400000,0x00000000d647ad08,0x00000000d6480000)
  to   space 1536K, 0% used [0x00000000d6500000,0x00000000d6500000,0x00000000d6680000)
 ParOldGen       total 1288704K, used 1288354K [0x0000000080000000, 0x00000000cea80000, 0x00000000d5580000)
  object space 1288704K, 99% used [0x0000000080000000,0x00000000cea288d0,0x00000000cea80000)
 Metaspace       used 110235K, committed 112128K, reserved 1179648K
  class space    used 10847K, committed 11712K, reserved 1048576K
}
Event: 214384.125 GC heap before
{Heap before GC invocations=18310 (full 15):
 PSYoungGen      total 14848K, used 14827K [0x00000000d5580000, 0x00000000d6680000, 0x0000000100000000)
  eden space 14336K, 100% used [0x00000000d5580000,0x00000000d6380000,0x00000000d6380000)
  from space 512K, 95% used [0x00000000d6400000,0x00000000d647ad08,0x00000000d6480000)
  to   space 1536K, 0% used [0x00000000d6500000,0x00000000d6500000,0x00000000d6680000)
 ParOldGen       total 1288704K, used 1288354K [0x0000000080000000, 0x00000000cea80000, 0x00000000d5580000)
  object space 1288704K, 99% used [0x0000000080000000,0x00000000cea288d0,0x00000000cea80000)
 Metaspace       used 110235K, committed 112128K, reserved 1179648K
  class space    used 10847K, committed 11712K, reserved 1048576K
}
Event: 214384.129 GC heap after
{Heap after GC invocations=18310 (full 15):
 PSYoungGen      total 13312K, used 1506K [0x00000000d5580000, 0x00000000d6b80000, 0x0000000100000000)
  eden space 11776K, 0% used [0x00000000d5580000,0x00000000d5580000,0x00000000d6100000)
  from space 1536K, 98% used [0x00000000d6500000,0x00000000d6678ad8,0x00000000d6680000)
  to   space 4096K, 0% used [0x00000000d6100000,0x00000000d6100000,0x00000000d6500000)
 ParOldGen       total 1290240K, used 1290191K [0x0000000080000000, 0x00000000cec00000, 0x00000000d5580000)
  object space 1290240K, 99% used [0x0000000080000000,0x00000000cebf3ef8,0x00000000cec00000)
 Metaspace       used 110235K, committed 112128K, reserved 1179648K
  class space    used 10847K, committed 11712K, reserved 1048576K
}
Event: 214384.174 GC heap before
{Heap before GC invocations=18311 (full 15):
 PSYoungGen      total 13312K, used 13282K [0x00000000d5580000, 0x00000000d6b80000, 0x0000000100000000)
  eden space 11776K, 100% used [0x00000000d5580000,0x00000000d6100000,0x00000000d6100000)
  from space 1536K, 98% used [0x00000000d6500000,0x00000000d6678ad8,0x00000000d6680000)
  to   space 4096K, 0% used [0x00000000d6100000,0x00000000d6100000,0x00000000d6500000)
 ParOldGen       total 1290240K, used 1290191K [0x0000000080000000, 0x00000000cec00000, 0x00000000d5580000)
  object space 1290240K, 99% used [0x0000000080000000,0x00000000cebf3ef8,0x00000000cec00000)
 Metaspace       used 110235K, committed 112128K, reserved 1179648K
  class space    used 10847K, committed 11712K, reserved 1048576K
}
Event: 214384.178 GC heap after
{Heap after GC invocations=18311 (full 15):
 PSYoungGen      total 13312K, used 1107K [0x00000000d5580000, 0x00000000d6580000, 0x0000000100000000)
  eden space 11776K, 0% used [0x00000000d5580000,0x00000000d5580000,0x00000000d6100000)
  from space 1536K, 72% used [0x00000000d6100000,0x00000000d6214ed0,0x00000000d6280000)
  to   space 2048K, 0% used [0x00000000d6380000,0x00000000d6380000,0x00000000d6580000)
 ParOldGen       total 1291776K, used 1291705K [0x0000000080000000, 0x00000000ced80000, 0x00000000d5580000)
  object space 1291776K, 99% used [0x0000000080000000,0x00000000ced6e540,0x00000000ced80000)
 Metaspace       used 110235K, committed 112128K, reserved 1179648K
  class space    used 10847K, committed 11712K, reserved 1048576K
}
Event: 214384.195 GC heap before
{Heap before GC invocations=18312 (full 15):
 PSYoungGen      total 13312K, used 11516K [0x00000000d5580000, 0x00000000d6580000, 0x0000000100000000)
  eden space 11776K, 88% used [0x00000000d5580000,0x00000000d5faa400,0x00000000d6100000)
  from space 1536K, 72% used [0x00000000d6100000,0x00000000d6214ed0,0x00000000d6280000)
  to   space 2048K, 0% used [0x00000000d6380000,0x00000000d6380000,0x00000000d6580000)
 ParOldGen       total 1291776K, used 1291705K [0x0000000080000000, 0x00000000ced80000, 0x00000000d5580000)
  object space 1291776K, 99% used [0x0000000080000000,0x00000000ced6e540,0x00000000ced80000)
 Metaspace       used 110235K, committed 112128K, reserved 1179648K
  class space    used 10847K, committed 11712K, reserved 1048576K
}
Event: 214384.199 GC heap after
{Heap after GC invocations=18312 (full 15):
 PSYoungGen      total 12288K, used 320K [0x00000000d5580000, 0x00000000d6400000, 0x0000000100000000)
  eden space 11776K, 0% used [0x00000000d5580000,0x00000000d5580000,0x00000000d6100000)
  from space 512K, 62% used [0x00000000d6380000,0x00000000d63d0000,0x00000000d6400000)
  to   space 1024K, 0% used [0x00000000d6200000,0x00000000d6200000,0x00000000d6300000)
 ParOldGen       total 1292800K, used 1292711K [0x0000000080000000, 0x00000000cee80000, 0x00000000d5580000)
  object space 1292800K, 99% used [0x0000000080000000,0x00000000cee69de0,0x00000000cee80000)
 Metaspace       used 110235K, committed 112128K, reserved 1179648K
  class space    used 10847K, committed 11712K, reserved 1048576K
}
Event: 214384.219 GC heap before
{Heap before GC invocations=18313 (full 15):
 PSYoungGen      total 12288K, used 12096K [0x00000000d5580000, 0x00000000d6400000, 0x0000000100000000)
  eden space 11776K, 100% used [0x00000000d5580000,0x00000000d6100000,0x00000000d6100000)
  from space 512K, 62% used [0x00000000d6380000,0x00000000d63d0000,0x00000000d6400000)
  to   space 1024K, 0% used [0x00000000d6200000,0x00000000d6200000,0x00000000d6300000)
 ParOldGen       total 1292800K, used 1292711K [0x0000000080000000, 0x00000000cee80000, 0x00000000d5580000)
  object space 1292800K, 99% used [0x0000000080000000,0x00000000cee69de0,0x00000000cee80000)
 Metaspace       used 110235K, committed 112128K, reserved 1179648K
  class space    used 10847K, committed 11712K, reserved 1048576K
}
Event: 214384.222 GC heap after
{Heap after GC invocations=18313 (full 15):
 PSYoungGen      total 12800K, used 672K [0x00000000d5580000, 0x00000000d6400000, 0x0000000100000000)
  eden space 11776K, 0% used [0x00000000d5580000,0x00000000d5580000,0x00000000d6100000)
  from space 1024K, 65% used [0x00000000d6200000,0x00000000d62a8000,0x00000000d6300000)
  to   space 1024K, 0% used [0x00000000d6300000,0x00000000d6300000,0x00000000d6400000)
 ParOldGen       total 1293312K, used 1292919K [0x0000000080000000, 0x00000000cef00000, 0x00000000d5580000)
  object space 1293312K, 99% used [0x0000000080000000,0x00000000cee9dde0,0x00000000cef00000)
 Metaspace       used 110235K, committed 112128K, reserved 1179648K
  class space    used 10847K, committed 11712K, reserved 1048576K
}
Event: 214393.102 GC heap before
{Heap before GC invocations=18314 (full 15):
 PSYoungGen      total 12800K, used 12448K [0x00000000d5580000, 0x00000000d6400000, 0x0000000100000000)
  eden space 11776K, 100% used [0x00000000d5580000,0x00000000d6100000,0x00000000d6100000)
  from space 1024K, 65% used [0x00000000d6200000,0x00000000d62a8000,0x00000000d6300000)
  to   space 1024K, 0% used [0x00000000d6300000,0x00000000d6300000,0x00000000d6400000)
 ParOldGen       total 1293312K, used 1292919K [0x0000000080000000, 0x00000000cef00000, 0x00000000d5580000)
  object space 1293312K, 99% used [0x0000000080000000,0x00000000cee9dde0,0x00000000cef00000)
 Metaspace       used 110235K, committed 112128K, reserved 1179648K
  class space    used 10847K, committed 11712K, reserved 1048576K
}
Event: 214393.104 GC heap after
{Heap after GC invocations=18314 (full 15):
 PSYoungGen      total 12800K, used 622K [0x00000000d5580000, 0x00000000d6400000, 0x0000000100000000)
  eden space 11776K, 0% used [0x00000000d5580000,0x00000000d5580000,0x00000000d6100000)
  from space 1024K, 60% used [0x00000000d6300000,0x00000000d639b948,0x00000000d6400000)
  to   space 1024K, 0% used [0x00000000d6200000,0x00000000d6200000,0x00000000d6300000)
 ParOldGen       total 1293824K, used 1293415K [0x0000000080000000, 0x00000000cef80000, 0x00000000d5580000)
  object space 1293824K, 99% used [0x0000000080000000,0x00000000cef19de0,0x00000000cef80000)
 Metaspace       used 110235K, committed 112128K, reserved 1179648K
  class space    used 10847K, committed 11712K, reserved 1048576K
}
Event: 214394.313 GC heap before
{Heap before GC invocations=18315 (full 15):
 PSYoungGen      total 12800K, used 12398K [0x00000000d5580000, 0x00000000d6400000, 0x0000000100000000)
  eden space 11776K, 100% used [0x00000000d5580000,0x00000000d6100000,0x00000000d6100000)
  from space 1024K, 60% used [0x00000000d6300000,0x00000000d639b948,0x00000000d6400000)
  to   space 1024K, 0% used [0x00000000d6200000,0x00000000d6200000,0x00000000d6300000)
 ParOldGen       total 1293824K, used 1293415K [0x0000000080000000, 0x00000000cef80000, 0x00000000d5580000)
  object space 1293824K, 99% used [0x0000000080000000,0x00000000cef19de0,0x00000000cef80000)
 Metaspace       used 110249K, committed 112128K, reserved 1179648K
  class space    used 10847K, committed 11712K, reserved 1048576K
}
Event: 214394.315 GC heap after
{Heap after GC invocations=18315 (full 15):
 PSYoungGen      total 12800K, used 629K [0x00000000d5580000, 0x00000000d6380000, 0x0000000100000000)
  eden space 11776K, 0% used [0x00000000d5580000,0x00000000d5580000,0x00000000d6100000)
  from space 1024K, 61% used [0x00000000d6200000,0x00000000d629d6b0,0x00000000d6300000)
  to   space 512K, 0% used [0x00000000d6300000,0x00000000d6300000,0x00000000d6380000)
 ParOldGen       total 1294336K, used 1293909K [0x0000000080000000, 0x00000000cf000000, 0x00000000d5580000)
  object space 1294336K, 99% used [0x0000000080000000,0x00000000cef95738,0x00000000cf000000)
 Metaspace       used 110249K, committed 112128K, reserved 1179648K
  class space    used 10847K, committed 11712K, reserved 1048576K
}

